Parallel: 31. Serial: 0
test_changing_number_type (numba.tests.test_generators.TestGenerators.test_changing_number_type) ... ok
test_changing_tuple_type (numba.tests.test_generators.TestGenerators.test_changing_tuple_type) ... ok
test_consume_gen1 (numba.tests.test_generators.TestGenerators.test_consume_gen1) ... ok
test_consume_gen2 (numba.tests.test_generators.TestGenerators.test_consume_gen2) ... ok
test_consume_gen3 (numba.tests.test_generators.TestGenerators.test_consume_gen3) ... ok
test_gen1 (numba.tests.test_generators.TestGenerators.test_gen1) ... ok

Stderr:
/mnt/home/sklam/dev/numba-py312-workspace/numba/numba/core/utils.py:213: NumbaPendingDeprecationWarning: Code using Numba extension API maybe depending on 'old_style' error-capturing, which is deprecated and will be replaced by 'new_style' in a future release. See details at https://numba.readthedocs.io/en/latest/reference/deprecation.html#deprecation-of-old-style-numba-captured-errors
Exception origin:
  File "/mnt/home/sklam/dev/numba-py312-workspace/numba/numba/core/transforms.py", line 902, in _fix_multi_exit_blocks
    [jump_target] = remain[-1].get_targets()
    ^^^^^^^^^^^^^

  warnings.warn(msg,
test_gen1_objmode (numba.tests.test_generators.TestGenerators.test_gen1_objmode) ... ERROR
test_gen2 (numba.tests.test_generators.TestGenerators.test_gen2) ... ok

Stderr:
/mnt/home/sklam/dev/numba-py312-workspace/numba/numba/core/utils.py:213: NumbaPendingDeprecationWarning: Code using Numba extension API maybe depending on 'old_style' error-capturing, which is deprecated and will be replaced by 'new_style' in a future release. See details at https://numba.readthedocs.io/en/latest/reference/deprecation.html#deprecation-of-old-style-numba-captured-errors
Exception origin:
  File "/mnt/home/sklam/dev/numba-py312-workspace/numba/numba/core/transforms.py", line 902, in _fix_multi_exit_blocks
    [jump_target] = remain[-1].get_targets()
    ^^^^^^^^^^^^^

  warnings.warn(msg,
test_gen2_objmode (numba.tests.test_generators.TestGenerators.test_gen2_objmode) ... ERROR
test_gen3 (numba.tests.test_generators.TestGenerators.test_gen3) ... ok
test_gen3_objmode (numba.tests.test_generators.TestGenerators.test_gen3_objmode) ... ERROR
test_gen4 (numba.tests.test_generators.TestGenerators.test_gen4) ... ok

Stderr:
/mnt/home/sklam/dev/numba-py312-workspace/numba/numba/core/utils.py:213: NumbaPendingDeprecationWarning: Code using Numba extension API maybe depending on 'old_style' error-capturing, which is deprecated and will be replaced by 'new_style' in a future release. See details at https://numba.readthedocs.io/en/latest/reference/deprecation.html#deprecation-of-old-style-numba-captured-errors
Exception origin:
  File "/mnt/home/sklam/dev/numba-py312-workspace/numba/numba/core/transforms.py", line 902, in _fix_multi_exit_blocks
    [jump_target] = remain[-1].get_targets()
    ^^^^^^^^^^^^^

  warnings.warn(msg,
test_gen4_objmode (numba.tests.test_generators.TestGenerators.test_gen4_objmode) ... ERROR
test_gen5 (numba.tests.test_generators.TestGenerators.test_gen5) ... ok
test_gen5_objmode (numba.tests.test_generators.TestGenerators.test_gen5_objmode) ... ERROR
test_gen6 (numba.tests.test_generators.TestGenerators.test_gen6) ... ok
test_gen6_objmode (numba.tests.test_generators.TestGenerators.test_gen6_objmode) ... ERROR
test_gen7 (numba.tests.test_generators.TestGenerators.test_gen7) ... ok

Stderr:
/mnt/home/sklam/dev/numba-py312-workspace/numba/numba/core/utils.py:213: NumbaPendingDeprecationWarning: Code using Numba extension API maybe depending on 'old_style' error-capturing, which is deprecated and will be replaced by 'new_style' in a future release. See details at https://numba.readthedocs.io/en/latest/reference/deprecation.html#deprecation-of-old-style-numba-captured-errors
Exception origin:
  File "/mnt/home/sklam/dev/numba-py312-workspace/numba/numba/core/transforms.py", line 902, in _fix_multi_exit_blocks
    [jump_target] = remain[-1].get_targets()
    ^^^^^^^^^^^^^

  warnings.warn(msg,
test_gen7_objmode (numba.tests.test_generators.TestGenerators.test_gen7_objmode) ... ERROR
test_gen8 (numba.tests.test_generators.TestGenerators.test_gen8) ... ok
test_gen8_objmode (numba.tests.test_generators.TestGenerators.test_gen8_objmode) ... ERROR
test_gen9 (numba.tests.test_generators.TestGenerators.test_gen9) ... ok
test_gen9_objmode (numba.tests.test_generators.TestGenerators.test_gen9_objmode) ... ERROR
test_ndenumerate (numba.tests.test_generators.TestGenerators.test_ndenumerate) ... ok

Stderr:
/mnt/home/sklam/dev/numba-py312-workspace/numba/numba/core/utils.py:213: NumbaPendingDeprecationWarning: Code using Numba extension API maybe depending on 'old_style' error-capturing, which is deprecated and will be replaced by 'new_style' in a future release. See details at https://numba.readthedocs.io/en/latest/reference/deprecation.html#deprecation-of-old-style-numba-captured-errors
Exception origin:
  File "/mnt/home/sklam/dev/numba-py312-workspace/numba/numba/core/transforms.py", line 902, in _fix_multi_exit_blocks
    [jump_target] = remain[-1].get_targets()
    ^^^^^^^^^^^^^

  warnings.warn(msg,
test_ndenumerate_objmode (numba.tests.test_generators.TestGenerators.test_ndenumerate_objmode) ... ERROR
test_ndindex (numba.tests.test_generators.TestGenerators.test_ndindex) ... ok

Stderr:
/mnt/home/sklam/dev/numba-py312-workspace/numba/numba/core/utils.py:213: NumbaPendingDeprecationWarning: Code using Numba extension API maybe depending on 'old_style' error-capturing, which is deprecated and will be replaced by 'new_style' in a future release. See details at https://numba.readthedocs.io/en/latest/reference/deprecation.html#deprecation-of-old-style-numba-captured-errors
Exception origin:
  File "/mnt/home/sklam/dev/numba-py312-workspace/numba/numba/core/transforms.py", line 902, in _fix_multi_exit_blocks
    [jump_target] = remain[-1].get_targets()
    ^^^^^^^^^^^^^

  warnings.warn(msg,
test_ndindex_objmode (numba.tests.test_generators.TestGenerators.test_ndindex_objmode) ... ERROR
test_np_flat (numba.tests.test_generators.TestGenerators.test_np_flat) ... ok

Stderr:
/mnt/home/sklam/dev/numba-py312-workspace/numba/numba/core/utils.py:213: NumbaPendingDeprecationWarning: Code using Numba extension API maybe depending on 'old_style' error-capturing, which is deprecated and will be replaced by 'new_style' in a future release. See details at https://numba.readthedocs.io/en/latest/reference/deprecation.html#deprecation-of-old-style-numba-captured-errors
Exception origin:
  File "/mnt/home/sklam/dev/numba-py312-workspace/numba/numba/core/transforms.py", line 902, in _fix_multi_exit_blocks
    [jump_target] = remain[-1].get_targets()
    ^^^^^^^^^^^^^

  warnings.warn(msg,
test_np_flat_objmode (numba.tests.test_generators.TestGenerators.test_np_flat_objmode) ... ERROR
test_optional_expansion_type_unification_error (numba.tests.test_generators.TestGenerators.test_optional_expansion_type_unification_error) ... ok
test_type_unification_error (numba.tests.test_generators.TestGenerators.test_type_unification_error) ... ok

======================================================================
ERROR: test_gen1_objmode (numba.tests.test_generators.TestGenerators.test_gen1_objmode)
----------------------------------------------------------------------
Traceback (most recent call last):
  File "/mnt/home/sklam/dev/numba-py312-workspace/numba/numba/tests/test_generators.py", line 158, in test_gen1_objmode
    self.check_gen1(**forceobj_flags)
  File "/mnt/home/sklam/dev/numba-py312-workspace/numba/numba/tests/test_generators.py", line 149, in check_gen1
    cr = jit((types.int32,), **kwargs)(pyfunc)
         ^^^^^^^^^^^^^^^^^^^^^^^^^^^^^^^^^^^^^
  File "/mnt/home/sklam/dev/numba-py312-workspace/numba/numba/core/decorators.py", line 241, in wrapper
    disp.compile(sig)
  File "/mnt/home/sklam/dev/numba-py312-workspace/numba/numba/core/dispatcher.py", line 965, in compile
    cres = self._compiler.compile(args, return_type)
           ^^^^^^^^^^^^^^^^^^^^^^^^^^^^^^^^^^^^^^^^^
  File "/mnt/home/sklam/dev/numba-py312-workspace/numba/numba/core/dispatcher.py", line 125, in compile
    status, retval = self._compile_cached(args, return_type)
                     ^^^^^^^^^^^^^^^^^^^^^^^^^^^^^^^^^^^^^^^
  File "/mnt/home/sklam/dev/numba-py312-workspace/numba/numba/core/dispatcher.py", line 139, in _compile_cached
    retval = self._compile_core(args, return_type)
             ^^^^^^^^^^^^^^^^^^^^^^^^^^^^^^^^^^^^^
  File "/mnt/home/sklam/dev/numba-py312-workspace/numba/numba/core/dispatcher.py", line 152, in _compile_core
    cres = compiler.compile_extra(self.targetdescr.typing_context,
           ^^^^^^^^^^^^^^^^^^^^^^^^^^^^^^^^^^^^^^^^^^^^^^^^^^^^^^^
  File "/mnt/home/sklam/dev/numba-py312-workspace/numba/numba/core/compiler.py", line 770, in compile_extra
    return pipeline.compile_extra(func)
           ^^^^^^^^^^^^^^^^^^^^^^^^^^^^
  File "/mnt/home/sklam/dev/numba-py312-workspace/numba/numba/core/compiler.py", line 461, in compile_extra
    return self._compile_bytecode()
           ^^^^^^^^^^^^^^^^^^^^^^^^
  File "/mnt/home/sklam/dev/numba-py312-workspace/numba/numba/core/compiler.py", line 529, in _compile_bytecode
    return self._compile_core()
           ^^^^^^^^^^^^^^^^^^^^
  File "/mnt/home/sklam/dev/numba-py312-workspace/numba/numba/core/compiler.py", line 508, in _compile_core
    raise e
  File "/mnt/home/sklam/dev/numba-py312-workspace/numba/numba/core/compiler.py", line 495, in _compile_core
    pm.run(self.state)
  File "/mnt/home/sklam/dev/numba-py312-workspace/numba/numba/core/compiler_machinery.py", line 368, in run
    raise patched_exception
  File "/mnt/home/sklam/dev/numba-py312-workspace/numba/numba/core/compiler_machinery.py", line 356, in run
    self._runPass(idx, pass_inst, state)
  File "/mnt/home/sklam/dev/numba-py312-workspace/numba/numba/core/compiler_lock.py", line 35, in _acquire_compile_lock
    return func(*args, **kwargs)
           ^^^^^^^^^^^^^^^^^^^^^
  File "/mnt/home/sklam/dev/numba-py312-workspace/numba/numba/core/compiler_machinery.py", line 311, in _runPass
    mutated |= check(pss.run_pass, internal_state)
               ^^^^^^^^^^^^^^^^^^^^^^^^^^^^^^^^^^^
  File "/mnt/home/sklam/dev/numba-py312-workspace/numba/numba/core/compiler_machinery.py", line 273, in check
    mangled = func(compiler_state)
              ^^^^^^^^^^^^^^^^^^^^
  File "/mnt/home/sklam/dev/numba-py312-workspace/numba/numba/core/object_mode_passes.py", line 53, in run_pass
    cres = self._frontend_looplift(state)
           ^^^^^^^^^^^^^^^^^^^^^^^^^^^^^^
  File "/mnt/home/sklam/dev/numba-py312-workspace/numba/numba/core/object_mode_passes.py", line 29, in _frontend_looplift
    main, loops = transforms.loop_lifting(state.func_ir,
                  ^^^^^^^^^^^^^^^^^^^^^^^^^^^^^^^^^^^^^^
  File "/mnt/home/sklam/dev/numba-py312-workspace/numba/numba/core/transforms.py", line 263, in loop_lifting
    func_ir = _pre_looplift_transform(func_ir)
              ^^^^^^^^^^^^^^^^^^^^^^^^^^^^^^^^
  File "/mnt/home/sklam/dev/numba-py312-workspace/numba/numba/core/transforms.py", line 247, in _pre_looplift_transform
    func_ir, _common_key = _fix_multi_exit_blocks(
                           ^^^^^^^^^^^^^^^^^^^^^^^
  File "/mnt/home/sklam/dev/numba-py312-workspace/numba/numba/core/transforms.py", line 902, in _fix_multi_exit_blocks
    [jump_target] = remain[-1].get_targets()
    ^^^^^^^^^^^^^
ValueError: Failed in object mode pipeline (step: object mode frontend)
too many values to unpack (expected 1)

Stderr:
/mnt/home/sklam/dev/numba-py312-workspace/numba/numba/core/utils.py:213: NumbaPendingDeprecationWarning: Code using Numba extension API maybe depending on 'old_style' error-capturing, which is deprecated and will be replaced by 'new_style' in a future release. See details at https://numba.readthedocs.io/en/latest/reference/deprecation.html#deprecation-of-old-style-numba-captured-errors
Exception origin:
  File "/mnt/home/sklam/dev/numba-py312-workspace/numba/numba/core/transforms.py", line 902, in _fix_multi_exit_blocks
    [jump_target] = remain[-1].get_targets()
    ^^^^^^^^^^^^^

  warnings.warn(msg,

======================================================================
ERROR: test_gen2_objmode (numba.tests.test_generators.TestGenerators.test_gen2_objmode)
----------------------------------------------------------------------
Traceback (most recent call last):
  File "/mnt/home/sklam/dev/numba-py312-workspace/numba/numba/tests/test_generators.py", line 171, in test_gen2_objmode
    self.check_gen2(**forceobj_flags)
  File "/mnt/home/sklam/dev/numba-py312-workspace/numba/numba/tests/test_generators.py", line 162, in check_gen2
    cr = jit((types.int32,), **kwargs)(pyfunc)
         ^^^^^^^^^^^^^^^^^^^^^^^^^^^^^^^^^^^^^
  File "/mnt/home/sklam/dev/numba-py312-workspace/numba/numba/core/decorators.py", line 241, in wrapper
    disp.compile(sig)
  File "/mnt/home/sklam/dev/numba-py312-workspace/numba/numba/core/dispatcher.py", line 965, in compile
    cres = self._compiler.compile(args, return_type)
           ^^^^^^^^^^^^^^^^^^^^^^^^^^^^^^^^^^^^^^^^^
  File "/mnt/home/sklam/dev/numba-py312-workspace/numba/numba/core/dispatcher.py", line 125, in compile
    status, retval = self._compile_cached(args, return_type)
                     ^^^^^^^^^^^^^^^^^^^^^^^^^^^^^^^^^^^^^^^
  File "/mnt/home/sklam/dev/numba-py312-workspace/numba/numba/core/dispatcher.py", line 139, in _compile_cached
    retval = self._compile_core(args, return_type)
             ^^^^^^^^^^^^^^^^^^^^^^^^^^^^^^^^^^^^^
  File "/mnt/home/sklam/dev/numba-py312-workspace/numba/numba/core/dispatcher.py", line 152, in _compile_core
    cres = compiler.compile_extra(self.targetdescr.typing_context,
           ^^^^^^^^^^^^^^^^^^^^^^^^^^^^^^^^^^^^^^^^^^^^^^^^^^^^^^^
  File "/mnt/home/sklam/dev/numba-py312-workspace/numba/numba/core/compiler.py", line 770, in compile_extra
    return pipeline.compile_extra(func)
           ^^^^^^^^^^^^^^^^^^^^^^^^^^^^
  File "/mnt/home/sklam/dev/numba-py312-workspace/numba/numba/core/compiler.py", line 461, in compile_extra
    return self._compile_bytecode()
           ^^^^^^^^^^^^^^^^^^^^^^^^
  File "/mnt/home/sklam/dev/numba-py312-workspace/numba/numba/core/compiler.py", line 529, in _compile_bytecode
    return self._compile_core()
           ^^^^^^^^^^^^^^^^^^^^
  File "/mnt/home/sklam/dev/numba-py312-workspace/numba/numba/core/compiler.py", line 508, in _compile_core
    raise e
  File "/mnt/home/sklam/dev/numba-py312-workspace/numba/numba/core/compiler.py", line 495, in _compile_core
    pm.run(self.state)
  File "/mnt/home/sklam/dev/numba-py312-workspace/numba/numba/core/compiler_machinery.py", line 368, in run
    raise patched_exception
  File "/mnt/home/sklam/dev/numba-py312-workspace/numba/numba/core/compiler_machinery.py", line 356, in run
    self._runPass(idx, pass_inst, state)
  File "/mnt/home/sklam/dev/numba-py312-workspace/numba/numba/core/compiler_lock.py", line 35, in _acquire_compile_lock
    return func(*args, **kwargs)
           ^^^^^^^^^^^^^^^^^^^^^
  File "/mnt/home/sklam/dev/numba-py312-workspace/numba/numba/core/compiler_machinery.py", line 311, in _runPass
    mutated |= check(pss.run_pass, internal_state)
               ^^^^^^^^^^^^^^^^^^^^^^^^^^^^^^^^^^^
  File "/mnt/home/sklam/dev/numba-py312-workspace/numba/numba/core/compiler_machinery.py", line 273, in check
    mangled = func(compiler_state)
              ^^^^^^^^^^^^^^^^^^^^
  File "/mnt/home/sklam/dev/numba-py312-workspace/numba/numba/core/object_mode_passes.py", line 53, in run_pass
    cres = self._frontend_looplift(state)
           ^^^^^^^^^^^^^^^^^^^^^^^^^^^^^^
  File "/mnt/home/sklam/dev/numba-py312-workspace/numba/numba/core/object_mode_passes.py", line 29, in _frontend_looplift
    main, loops = transforms.loop_lifting(state.func_ir,
                  ^^^^^^^^^^^^^^^^^^^^^^^^^^^^^^^^^^^^^^
  File "/mnt/home/sklam/dev/numba-py312-workspace/numba/numba/core/transforms.py", line 263, in loop_lifting
    func_ir = _pre_looplift_transform(func_ir)
              ^^^^^^^^^^^^^^^^^^^^^^^^^^^^^^^^
  File "/mnt/home/sklam/dev/numba-py312-workspace/numba/numba/core/transforms.py", line 247, in _pre_looplift_transform
    func_ir, _common_key = _fix_multi_exit_blocks(
                           ^^^^^^^^^^^^^^^^^^^^^^^
  File "/mnt/home/sklam/dev/numba-py312-workspace/numba/numba/core/transforms.py", line 902, in _fix_multi_exit_blocks
    [jump_target] = remain[-1].get_targets()
    ^^^^^^^^^^^^^
ValueError: Failed in object mode pipeline (step: object mode frontend)
too many values to unpack (expected 1)

Stderr:
/mnt/home/sklam/dev/numba-py312-workspace/numba/numba/core/utils.py:213: NumbaPendingDeprecationWarning: Code using Numba extension API maybe depending on 'old_style' error-capturing, which is deprecated and will be replaced by 'new_style' in a future release. See details at https://numba.readthedocs.io/en/latest/reference/deprecation.html#deprecation-of-old-style-numba-captured-errors
Exception origin:
  File "/mnt/home/sklam/dev/numba-py312-workspace/numba/numba/core/transforms.py", line 902, in _fix_multi_exit_blocks
    [jump_target] = remain[-1].get_targets()
    ^^^^^^^^^^^^^

  warnings.warn(msg,

======================================================================
ERROR: test_gen3_objmode (numba.tests.test_generators.TestGenerators.test_gen3_objmode)
----------------------------------------------------------------------
Traceback (most recent call last):
  File "/mnt/home/sklam/dev/numba-py312-workspace/numba/numba/tests/test_generators.py", line 184, in test_gen3_objmode
    self.check_gen3(**forceobj_flags)
  File "/mnt/home/sklam/dev/numba-py312-workspace/numba/numba/tests/test_generators.py", line 175, in check_gen3
    cr = jit((types.int32,), **kwargs)(pyfunc)
         ^^^^^^^^^^^^^^^^^^^^^^^^^^^^^^^^^^^^^
  File "/mnt/home/sklam/dev/numba-py312-workspace/numba/numba/core/decorators.py", line 241, in wrapper
    disp.compile(sig)
  File "/mnt/home/sklam/dev/numba-py312-workspace/numba/numba/core/dispatcher.py", line 965, in compile
    cres = self._compiler.compile(args, return_type)
           ^^^^^^^^^^^^^^^^^^^^^^^^^^^^^^^^^^^^^^^^^
  File "/mnt/home/sklam/dev/numba-py312-workspace/numba/numba/core/dispatcher.py", line 129, in compile
    raise retval
  File "/mnt/home/sklam/dev/numba-py312-workspace/numba/numba/core/dispatcher.py", line 139, in _compile_cached
    retval = self._compile_core(args, return_type)
             ^^^^^^^^^^^^^^^^^^^^^^^^^^^^^^^^^^^^^
  File "/mnt/home/sklam/dev/numba-py312-workspace/numba/numba/core/dispatcher.py", line 152, in _compile_core
    cres = compiler.compile_extra(self.targetdescr.typing_context,
           ^^^^^^^^^^^^^^^^^^^^^^^^^^^^^^^^^^^^^^^^^^^^^^^^^^^^^^^
  File "/mnt/home/sklam/dev/numba-py312-workspace/numba/numba/core/compiler.py", line 770, in compile_extra
    return pipeline.compile_extra(func)
           ^^^^^^^^^^^^^^^^^^^^^^^^^^^^
  File "/mnt/home/sklam/dev/numba-py312-workspace/numba/numba/core/compiler.py", line 461, in compile_extra
    return self._compile_bytecode()
           ^^^^^^^^^^^^^^^^^^^^^^^^
  File "/mnt/home/sklam/dev/numba-py312-workspace/numba/numba/core/compiler.py", line 529, in _compile_bytecode
    return self._compile_core()
           ^^^^^^^^^^^^^^^^^^^^
  File "/mnt/home/sklam/dev/numba-py312-workspace/numba/numba/core/compiler.py", line 508, in _compile_core
    raise e
  File "/mnt/home/sklam/dev/numba-py312-workspace/numba/numba/core/compiler.py", line 495, in _compile_core
    pm.run(self.state)
  File "/mnt/home/sklam/dev/numba-py312-workspace/numba/numba/core/compiler_machinery.py", line 368, in run
    raise patched_exception
  File "/mnt/home/sklam/dev/numba-py312-workspace/numba/numba/core/compiler_machinery.py", line 356, in run
    self._runPass(idx, pass_inst, state)
  File "/mnt/home/sklam/dev/numba-py312-workspace/numba/numba/core/compiler_lock.py", line 35, in _acquire_compile_lock
    return func(*args, **kwargs)
           ^^^^^^^^^^^^^^^^^^^^^
  File "/mnt/home/sklam/dev/numba-py312-workspace/numba/numba/core/compiler_machinery.py", line 311, in _runPass
    mutated |= check(pss.run_pass, internal_state)
               ^^^^^^^^^^^^^^^^^^^^^^^^^^^^^^^^^^^
  File "/mnt/home/sklam/dev/numba-py312-workspace/numba/numba/core/compiler_machinery.py", line 273, in check
    mangled = func(compiler_state)
              ^^^^^^^^^^^^^^^^^^^^
  File "/mnt/home/sklam/dev/numba-py312-workspace/numba/numba/core/object_mode_passes.py", line 120, in run_pass
    lowered = backend_object_mode()
              ^^^^^^^^^^^^^^^^^^^^^
  File "/mnt/home/sklam/dev/numba-py312-workspace/numba/numba/core/object_mode_passes.py", line 115, in backend_object_mode
    return self._py_lowering_stage(state.targetctx,
           ^^^^^^^^^^^^^^^^^^^^^^^^^^^^^^^^^^^^^^^^
  File "/mnt/home/sklam/dev/numba-py312-workspace/numba/numba/core/object_mode_passes.py", line 78, in _py_lowering_stage
    lower.lower()
  File "/mnt/home/sklam/dev/numba-py312-workspace/numba/numba/core/lowering.py", line 193, in lower
    self.genlower.lower_next_func(self)
  File "/mnt/home/sklam/dev/numba-py312-workspace/numba/numba/core/generators.py", line 157, in lower_next_func
    entry_block_tail = lower.lower_function_body()
                       ^^^^^^^^^^^^^^^^^^^^^^^^^^^
  File "/mnt/home/sklam/dev/numba-py312-workspace/numba/numba/core/lowering.py", line 271, in lower_function_body
    self.lower_block(block)
  File "/mnt/home/sklam/dev/numba-py312-workspace/numba/numba/core/lowering.py", line 285, in lower_block
    self.lower_inst(inst)
  File "/mnt/home/sklam/dev/numba-py312-workspace/numba/numba/core/pylowering.py", line 173, in lower_inst
    raise NumbaNotImplementedError(msg)
numba.core.errors.NumbaNotImplementedError: Failed in object mode pipeline (step: object mode backend)
<class 'numba.core.ir.StaticRaise'>, <static> raise <class 'numba.core.interpreter.INTRINSIC_STOPITERATION_ERROR'>()
During: lowering "<static> raise <class 'numba.core.interpreter.INTRINSIC_STOPITERATION_ERROR'>()" at /mnt/home/sklam/dev/numba-py312-workspace/numba/numba/tests/test_generators.py (39)

======================================================================
ERROR: test_gen4_objmode (numba.tests.test_generators.TestGenerators.test_gen4_objmode)
----------------------------------------------------------------------
Traceback (most recent call last):
  File "/mnt/home/sklam/dev/numba-py312-workspace/numba/numba/tests/test_generators.py", line 197, in test_gen4_objmode
    self.check_gen4(**forceobj_flags)
  File "/mnt/home/sklam/dev/numba-py312-workspace/numba/numba/tests/test_generators.py", line 188, in check_gen4
    cr = jit((types.int32,) * 3, **kwargs)(pyfunc)
         ^^^^^^^^^^^^^^^^^^^^^^^^^^^^^^^^^^^^^^^^^
  File "/mnt/home/sklam/dev/numba-py312-workspace/numba/numba/core/decorators.py", line 241, in wrapper
    disp.compile(sig)
  File "/mnt/home/sklam/dev/numba-py312-workspace/numba/numba/core/dispatcher.py", line 965, in compile
    cres = self._compiler.compile(args, return_type)
           ^^^^^^^^^^^^^^^^^^^^^^^^^^^^^^^^^^^^^^^^^
  File "/mnt/home/sklam/dev/numba-py312-workspace/numba/numba/core/dispatcher.py", line 125, in compile
    status, retval = self._compile_cached(args, return_type)
                     ^^^^^^^^^^^^^^^^^^^^^^^^^^^^^^^^^^^^^^^
  File "/mnt/home/sklam/dev/numba-py312-workspace/numba/numba/core/dispatcher.py", line 139, in _compile_cached
    retval = self._compile_core(args, return_type)
             ^^^^^^^^^^^^^^^^^^^^^^^^^^^^^^^^^^^^^
  File "/mnt/home/sklam/dev/numba-py312-workspace/numba/numba/core/dispatcher.py", line 152, in _compile_core
    cres = compiler.compile_extra(self.targetdescr.typing_context,
           ^^^^^^^^^^^^^^^^^^^^^^^^^^^^^^^^^^^^^^^^^^^^^^^^^^^^^^^
  File "/mnt/home/sklam/dev/numba-py312-workspace/numba/numba/core/compiler.py", line 770, in compile_extra
    return pipeline.compile_extra(func)
           ^^^^^^^^^^^^^^^^^^^^^^^^^^^^
  File "/mnt/home/sklam/dev/numba-py312-workspace/numba/numba/core/compiler.py", line 461, in compile_extra
    return self._compile_bytecode()
           ^^^^^^^^^^^^^^^^^^^^^^^^
  File "/mnt/home/sklam/dev/numba-py312-workspace/numba/numba/core/compiler.py", line 529, in _compile_bytecode
    return self._compile_core()
           ^^^^^^^^^^^^^^^^^^^^
  File "/mnt/home/sklam/dev/numba-py312-workspace/numba/numba/core/compiler.py", line 508, in _compile_core
    raise e
  File "/mnt/home/sklam/dev/numba-py312-workspace/numba/numba/core/compiler.py", line 495, in _compile_core
    pm.run(self.state)
  File "/mnt/home/sklam/dev/numba-py312-workspace/numba/numba/core/compiler_machinery.py", line 368, in run
    raise patched_exception
  File "/mnt/home/sklam/dev/numba-py312-workspace/numba/numba/core/compiler_machinery.py", line 356, in run
    self._runPass(idx, pass_inst, state)
  File "/mnt/home/sklam/dev/numba-py312-workspace/numba/numba/core/compiler_lock.py", line 35, in _acquire_compile_lock
    return func(*args, **kwargs)
           ^^^^^^^^^^^^^^^^^^^^^
  File "/mnt/home/sklam/dev/numba-py312-workspace/numba/numba/core/compiler_machinery.py", line 311, in _runPass
    mutated |= check(pss.run_pass, internal_state)
               ^^^^^^^^^^^^^^^^^^^^^^^^^^^^^^^^^^^
  File "/mnt/home/sklam/dev/numba-py312-workspace/numba/numba/core/compiler_machinery.py", line 273, in check
    mangled = func(compiler_state)
              ^^^^^^^^^^^^^^^^^^^^
  File "/mnt/home/sklam/dev/numba-py312-workspace/numba/numba/core/object_mode_passes.py", line 53, in run_pass
    cres = self._frontend_looplift(state)
           ^^^^^^^^^^^^^^^^^^^^^^^^^^^^^^
  File "/mnt/home/sklam/dev/numba-py312-workspace/numba/numba/core/object_mode_passes.py", line 29, in _frontend_looplift
    main, loops = transforms.loop_lifting(state.func_ir,
                  ^^^^^^^^^^^^^^^^^^^^^^^^^^^^^^^^^^^^^^
  File "/mnt/home/sklam/dev/numba-py312-workspace/numba/numba/core/transforms.py", line 263, in loop_lifting
    func_ir = _pre_looplift_transform(func_ir)
              ^^^^^^^^^^^^^^^^^^^^^^^^^^^^^^^^
  File "/mnt/home/sklam/dev/numba-py312-workspace/numba/numba/core/transforms.py", line 247, in _pre_looplift_transform
    func_ir, _common_key = _fix_multi_exit_blocks(
                           ^^^^^^^^^^^^^^^^^^^^^^^
  File "/mnt/home/sklam/dev/numba-py312-workspace/numba/numba/core/transforms.py", line 902, in _fix_multi_exit_blocks
    [jump_target] = remain[-1].get_targets()
    ^^^^^^^^^^^^^
ValueError: Failed in object mode pipeline (step: object mode frontend)
too many values to unpack (expected 1)

Stderr:
/mnt/home/sklam/dev/numba-py312-workspace/numba/numba/core/utils.py:213: NumbaPendingDeprecationWarning: Code using Numba extension API maybe depending on 'old_style' error-capturing, which is deprecated and will be replaced by 'new_style' in a future release. See details at https://numba.readthedocs.io/en/latest/reference/deprecation.html#deprecation-of-old-style-numba-captured-errors
Exception origin:
  File "/mnt/home/sklam/dev/numba-py312-workspace/numba/numba/core/transforms.py", line 902, in _fix_multi_exit_blocks
    [jump_target] = remain[-1].get_targets()
    ^^^^^^^^^^^^^

  warnings.warn(msg,

======================================================================
ERROR: test_gen5_objmode (numba.tests.test_generators.TestGenerators.test_gen5_objmode)
----------------------------------------------------------------------
Traceback (most recent call last):
  File "/mnt/home/sklam/dev/numba-py312-workspace/numba/numba/tests/test_generators.py", line 206, in test_gen5_objmode
    cgen = jit((), **forceobj_flags)(gen5)()
           ^^^^^^^^^^^^^^^^^^^^^^^^^^^^^^^
  File "/mnt/home/sklam/dev/numba-py312-workspace/numba/numba/core/decorators.py", line 241, in wrapper
    disp.compile(sig)
  File "/mnt/home/sklam/dev/numba-py312-workspace/numba/numba/core/dispatcher.py", line 965, in compile
    cres = self._compiler.compile(args, return_type)
           ^^^^^^^^^^^^^^^^^^^^^^^^^^^^^^^^^^^^^^^^^
  File "/mnt/home/sklam/dev/numba-py312-workspace/numba/numba/core/dispatcher.py", line 129, in compile
    raise retval
  File "/mnt/home/sklam/dev/numba-py312-workspace/numba/numba/core/dispatcher.py", line 139, in _compile_cached
    retval = self._compile_core(args, return_type)
             ^^^^^^^^^^^^^^^^^^^^^^^^^^^^^^^^^^^^^
  File "/mnt/home/sklam/dev/numba-py312-workspace/numba/numba/core/dispatcher.py", line 152, in _compile_core
    cres = compiler.compile_extra(self.targetdescr.typing_context,
           ^^^^^^^^^^^^^^^^^^^^^^^^^^^^^^^^^^^^^^^^^^^^^^^^^^^^^^^
  File "/mnt/home/sklam/dev/numba-py312-workspace/numba/numba/core/compiler.py", line 770, in compile_extra
    return pipeline.compile_extra(func)
           ^^^^^^^^^^^^^^^^^^^^^^^^^^^^
  File "/mnt/home/sklam/dev/numba-py312-workspace/numba/numba/core/compiler.py", line 461, in compile_extra
    return self._compile_bytecode()
           ^^^^^^^^^^^^^^^^^^^^^^^^
  File "/mnt/home/sklam/dev/numba-py312-workspace/numba/numba/core/compiler.py", line 529, in _compile_bytecode
    return self._compile_core()
           ^^^^^^^^^^^^^^^^^^^^
  File "/mnt/home/sklam/dev/numba-py312-workspace/numba/numba/core/compiler.py", line 508, in _compile_core
    raise e
  File "/mnt/home/sklam/dev/numba-py312-workspace/numba/numba/core/compiler.py", line 495, in _compile_core
    pm.run(self.state)
  File "/mnt/home/sklam/dev/numba-py312-workspace/numba/numba/core/compiler_machinery.py", line 368, in run
    raise patched_exception
  File "/mnt/home/sklam/dev/numba-py312-workspace/numba/numba/core/compiler_machinery.py", line 356, in run
    self._runPass(idx, pass_inst, state)
  File "/mnt/home/sklam/dev/numba-py312-workspace/numba/numba/core/compiler_lock.py", line 35, in _acquire_compile_lock
    return func(*args, **kwargs)
           ^^^^^^^^^^^^^^^^^^^^^
  File "/mnt/home/sklam/dev/numba-py312-workspace/numba/numba/core/compiler_machinery.py", line 311, in _runPass
    mutated |= check(pss.run_pass, internal_state)
               ^^^^^^^^^^^^^^^^^^^^^^^^^^^^^^^^^^^
  File "/mnt/home/sklam/dev/numba-py312-workspace/numba/numba/core/compiler_machinery.py", line 273, in check
    mangled = func(compiler_state)
              ^^^^^^^^^^^^^^^^^^^^
  File "/mnt/home/sklam/dev/numba-py312-workspace/numba/numba/core/object_mode_passes.py", line 120, in run_pass
    lowered = backend_object_mode()
              ^^^^^^^^^^^^^^^^^^^^^
  File "/mnt/home/sklam/dev/numba-py312-workspace/numba/numba/core/object_mode_passes.py", line 115, in backend_object_mode
    return self._py_lowering_stage(state.targetctx,
           ^^^^^^^^^^^^^^^^^^^^^^^^^^^^^^^^^^^^^^^^
  File "/mnt/home/sklam/dev/numba-py312-workspace/numba/numba/core/object_mode_passes.py", line 78, in _py_lowering_stage
    lower.lower()
  File "/mnt/home/sklam/dev/numba-py312-workspace/numba/numba/core/lowering.py", line 193, in lower
    self.genlower.lower_next_func(self)
  File "/mnt/home/sklam/dev/numba-py312-workspace/numba/numba/core/generators.py", line 157, in lower_next_func
    entry_block_tail = lower.lower_function_body()
                       ^^^^^^^^^^^^^^^^^^^^^^^^^^^
  File "/mnt/home/sklam/dev/numba-py312-workspace/numba/numba/core/lowering.py", line 271, in lower_function_body
    self.lower_block(block)
  File "/mnt/home/sklam/dev/numba-py312-workspace/numba/numba/core/lowering.py", line 285, in lower_block
    self.lower_inst(inst)
  File "/mnt/home/sklam/dev/numba-py312-workspace/numba/numba/core/pylowering.py", line 173, in lower_inst
    raise NumbaNotImplementedError(msg)
numba.core.errors.NumbaNotImplementedError: Failed in object mode pipeline (step: object mode backend)
<class 'numba.core.ir.StaticRaise'>, <static> raise <class 'numba.core.interpreter.INTRINSIC_STOPITERATION_ERROR'>()
During: lowering "<static> raise <class 'numba.core.interpreter.INTRINSIC_STOPITERATION_ERROR'>()" at /mnt/home/sklam/dev/numba-py312-workspace/numba/numba/tests/test_generators.py (54)

======================================================================
ERROR: test_gen6_objmode (numba.tests.test_generators.TestGenerators.test_gen6_objmode)
----------------------------------------------------------------------
Traceback (most recent call last):
  File "/mnt/home/sklam/dev/numba-py312-workspace/numba/numba/tests/test_generators.py", line 223, in test_gen6_objmode
    self.check_gen6(**forceobj_flags)
  File "/mnt/home/sklam/dev/numba-py312-workspace/numba/numba/tests/test_generators.py", line 212, in check_gen6
    cr = jit((types.int32,) * 2, **kwargs)(gen6)
         ^^^^^^^^^^^^^^^^^^^^^^^^^^^^^^^^^^^^^^^
  File "/mnt/home/sklam/dev/numba-py312-workspace/numba/numba/core/decorators.py", line 241, in wrapper
    disp.compile(sig)
  File "/mnt/home/sklam/dev/numba-py312-workspace/numba/numba/core/dispatcher.py", line 965, in compile
    cres = self._compiler.compile(args, return_type)
           ^^^^^^^^^^^^^^^^^^^^^^^^^^^^^^^^^^^^^^^^^
  File "/mnt/home/sklam/dev/numba-py312-workspace/numba/numba/core/dispatcher.py", line 129, in compile
    raise retval
  File "/mnt/home/sklam/dev/numba-py312-workspace/numba/numba/core/dispatcher.py", line 139, in _compile_cached
    retval = self._compile_core(args, return_type)
             ^^^^^^^^^^^^^^^^^^^^^^^^^^^^^^^^^^^^^
  File "/mnt/home/sklam/dev/numba-py312-workspace/numba/numba/core/dispatcher.py", line 152, in _compile_core
    cres = compiler.compile_extra(self.targetdescr.typing_context,
           ^^^^^^^^^^^^^^^^^^^^^^^^^^^^^^^^^^^^^^^^^^^^^^^^^^^^^^^
  File "/mnt/home/sklam/dev/numba-py312-workspace/numba/numba/core/compiler.py", line 770, in compile_extra
    return pipeline.compile_extra(func)
           ^^^^^^^^^^^^^^^^^^^^^^^^^^^^
  File "/mnt/home/sklam/dev/numba-py312-workspace/numba/numba/core/compiler.py", line 461, in compile_extra
    return self._compile_bytecode()
           ^^^^^^^^^^^^^^^^^^^^^^^^
  File "/mnt/home/sklam/dev/numba-py312-workspace/numba/numba/core/compiler.py", line 529, in _compile_bytecode
    return self._compile_core()
           ^^^^^^^^^^^^^^^^^^^^
  File "/mnt/home/sklam/dev/numba-py312-workspace/numba/numba/core/compiler.py", line 508, in _compile_core
    raise e
  File "/mnt/home/sklam/dev/numba-py312-workspace/numba/numba/core/compiler.py", line 495, in _compile_core
    pm.run(self.state)
  File "/mnt/home/sklam/dev/numba-py312-workspace/numba/numba/core/compiler_machinery.py", line 368, in run
    raise patched_exception
  File "/mnt/home/sklam/dev/numba-py312-workspace/numba/numba/core/compiler_machinery.py", line 356, in run
    self._runPass(idx, pass_inst, state)
  File "/mnt/home/sklam/dev/numba-py312-workspace/numba/numba/core/compiler_lock.py", line 35, in _acquire_compile_lock
    return func(*args, **kwargs)
           ^^^^^^^^^^^^^^^^^^^^^
  File "/mnt/home/sklam/dev/numba-py312-workspace/numba/numba/core/compiler_machinery.py", line 311, in _runPass
    mutated |= check(pss.run_pass, internal_state)
               ^^^^^^^^^^^^^^^^^^^^^^^^^^^^^^^^^^^
  File "/mnt/home/sklam/dev/numba-py312-workspace/numba/numba/core/compiler_machinery.py", line 273, in check
    mangled = func(compiler_state)
              ^^^^^^^^^^^^^^^^^^^^
  File "/mnt/home/sklam/dev/numba-py312-workspace/numba/numba/core/object_mode_passes.py", line 120, in run_pass
    lowered = backend_object_mode()
              ^^^^^^^^^^^^^^^^^^^^^
  File "/mnt/home/sklam/dev/numba-py312-workspace/numba/numba/core/object_mode_passes.py", line 115, in backend_object_mode
    return self._py_lowering_stage(state.targetctx,
           ^^^^^^^^^^^^^^^^^^^^^^^^^^^^^^^^^^^^^^^^
  File "/mnt/home/sklam/dev/numba-py312-workspace/numba/numba/core/object_mode_passes.py", line 78, in _py_lowering_stage
    lower.lower()
  File "/mnt/home/sklam/dev/numba-py312-workspace/numba/numba/core/lowering.py", line 193, in lower
    self.genlower.lower_next_func(self)
  File "/mnt/home/sklam/dev/numba-py312-workspace/numba/numba/core/generators.py", line 157, in lower_next_func
    entry_block_tail = lower.lower_function_body()
                       ^^^^^^^^^^^^^^^^^^^^^^^^^^^
  File "/mnt/home/sklam/dev/numba-py312-workspace/numba/numba/core/lowering.py", line 271, in lower_function_body
    self.lower_block(block)
  File "/mnt/home/sklam/dev/numba-py312-workspace/numba/numba/core/lowering.py", line 285, in lower_block
    self.lower_inst(inst)
  File "/mnt/home/sklam/dev/numba-py312-workspace/numba/numba/core/pylowering.py", line 173, in lower_inst
    raise NumbaNotImplementedError(msg)
numba.core.errors.NumbaNotImplementedError: Failed in object mode pipeline (step: object mode backend)
<class 'numba.core.ir.StaticRaise'>, <static> raise <class 'numba.core.interpreter.INTRINSIC_STOPITERATION_ERROR'>()
During: lowering "<static> raise <class 'numba.core.interpreter.INTRINSIC_STOPITERATION_ERROR'>()" at /mnt/home/sklam/dev/numba-py312-workspace/numba/numba/tests/test_generators.py (61)

======================================================================
ERROR: test_gen7_objmode (numba.tests.test_generators.TestGenerators.test_gen7_objmode)
----------------------------------------------------------------------
Traceback (most recent call last):
  File "/mnt/home/sklam/dev/numba-py312-workspace/numba/numba/tests/test_generators.py", line 237, in test_gen7_objmode
    self.check_gen7(**forceobj_flags)
  File "/mnt/home/sklam/dev/numba-py312-workspace/numba/numba/tests/test_generators.py", line 227, in check_gen7
    cr = jit((types.Array(types.float64, 1, 'C'),), **kwargs)(pyfunc)
         ^^^^^^^^^^^^^^^^^^^^^^^^^^^^^^^^^^^^^^^^^^^^^^^^^^^^^^^^^^^^
  File "/mnt/home/sklam/dev/numba-py312-workspace/numba/numba/core/decorators.py", line 241, in wrapper
    disp.compile(sig)
  File "/mnt/home/sklam/dev/numba-py312-workspace/numba/numba/core/dispatcher.py", line 965, in compile
    cres = self._compiler.compile(args, return_type)
           ^^^^^^^^^^^^^^^^^^^^^^^^^^^^^^^^^^^^^^^^^
  File "/mnt/home/sklam/dev/numba-py312-workspace/numba/numba/core/dispatcher.py", line 125, in compile
    status, retval = self._compile_cached(args, return_type)
                     ^^^^^^^^^^^^^^^^^^^^^^^^^^^^^^^^^^^^^^^
  File "/mnt/home/sklam/dev/numba-py312-workspace/numba/numba/core/dispatcher.py", line 139, in _compile_cached
    retval = self._compile_core(args, return_type)
             ^^^^^^^^^^^^^^^^^^^^^^^^^^^^^^^^^^^^^
  File "/mnt/home/sklam/dev/numba-py312-workspace/numba/numba/core/dispatcher.py", line 152, in _compile_core
    cres = compiler.compile_extra(self.targetdescr.typing_context,
           ^^^^^^^^^^^^^^^^^^^^^^^^^^^^^^^^^^^^^^^^^^^^^^^^^^^^^^^
  File "/mnt/home/sklam/dev/numba-py312-workspace/numba/numba/core/compiler.py", line 770, in compile_extra
    return pipeline.compile_extra(func)
           ^^^^^^^^^^^^^^^^^^^^^^^^^^^^
  File "/mnt/home/sklam/dev/numba-py312-workspace/numba/numba/core/compiler.py", line 461, in compile_extra
    return self._compile_bytecode()
           ^^^^^^^^^^^^^^^^^^^^^^^^
  File "/mnt/home/sklam/dev/numba-py312-workspace/numba/numba/core/compiler.py", line 529, in _compile_bytecode
    return self._compile_core()
           ^^^^^^^^^^^^^^^^^^^^
  File "/mnt/home/sklam/dev/numba-py312-workspace/numba/numba/core/compiler.py", line 508, in _compile_core
    raise e
  File "/mnt/home/sklam/dev/numba-py312-workspace/numba/numba/core/compiler.py", line 495, in _compile_core
    pm.run(self.state)
  File "/mnt/home/sklam/dev/numba-py312-workspace/numba/numba/core/compiler_machinery.py", line 368, in run
    raise patched_exception
  File "/mnt/home/sklam/dev/numba-py312-workspace/numba/numba/core/compiler_machinery.py", line 356, in run
    self._runPass(idx, pass_inst, state)
  File "/mnt/home/sklam/dev/numba-py312-workspace/numba/numba/core/compiler_lock.py", line 35, in _acquire_compile_lock
    return func(*args, **kwargs)
           ^^^^^^^^^^^^^^^^^^^^^
  File "/mnt/home/sklam/dev/numba-py312-workspace/numba/numba/core/compiler_machinery.py", line 311, in _runPass
    mutated |= check(pss.run_pass, internal_state)
               ^^^^^^^^^^^^^^^^^^^^^^^^^^^^^^^^^^^
  File "/mnt/home/sklam/dev/numba-py312-workspace/numba/numba/core/compiler_machinery.py", line 273, in check
    mangled = func(compiler_state)
              ^^^^^^^^^^^^^^^^^^^^
  File "/mnt/home/sklam/dev/numba-py312-workspace/numba/numba/core/object_mode_passes.py", line 53, in run_pass
    cres = self._frontend_looplift(state)
           ^^^^^^^^^^^^^^^^^^^^^^^^^^^^^^
  File "/mnt/home/sklam/dev/numba-py312-workspace/numba/numba/core/object_mode_passes.py", line 29, in _frontend_looplift
    main, loops = transforms.loop_lifting(state.func_ir,
                  ^^^^^^^^^^^^^^^^^^^^^^^^^^^^^^^^^^^^^^
  File "/mnt/home/sklam/dev/numba-py312-workspace/numba/numba/core/transforms.py", line 263, in loop_lifting
    func_ir = _pre_looplift_transform(func_ir)
              ^^^^^^^^^^^^^^^^^^^^^^^^^^^^^^^^
  File "/mnt/home/sklam/dev/numba-py312-workspace/numba/numba/core/transforms.py", line 247, in _pre_looplift_transform
    func_ir, _common_key = _fix_multi_exit_blocks(
                           ^^^^^^^^^^^^^^^^^^^^^^^
  File "/mnt/home/sklam/dev/numba-py312-workspace/numba/numba/core/transforms.py", line 902, in _fix_multi_exit_blocks
    [jump_target] = remain[-1].get_targets()
    ^^^^^^^^^^^^^
ValueError: Failed in object mode pipeline (step: object mode frontend)
too many values to unpack (expected 1)

Stderr:
/mnt/home/sklam/dev/numba-py312-workspace/numba/numba/core/utils.py:213: NumbaPendingDeprecationWarning: Code using Numba extension API maybe depending on 'old_style' error-capturing, which is deprecated and will be replaced by 'new_style' in a future release. See details at https://numba.readthedocs.io/en/latest/reference/deprecation.html#deprecation-of-old-style-numba-captured-errors
Exception origin:
  File "/mnt/home/sklam/dev/numba-py312-workspace/numba/numba/core/transforms.py", line 902, in _fix_multi_exit_blocks
    [jump_target] = remain[-1].get_targets()
    ^^^^^^^^^^^^^

  warnings.warn(msg,

======================================================================
ERROR: test_gen8_objmode (numba.tests.test_generators.TestGenerators.test_gen8_objmode)
----------------------------------------------------------------------
Traceback (most recent call last):
  File "/mnt/home/sklam/dev/numba-py312-workspace/numba/numba/tests/test_generators.py", line 256, in test_gen8_objmode
    self.check_gen8(forceobj=True)
  File "/mnt/home/sklam/dev/numba-py312-workspace/numba/numba/tests/test_generators.py", line 247, in check_gen8
    check(2, 3)
  File "/mnt/home/sklam/dev/numba-py312-workspace/numba/numba/tests/test_generators.py", line 245, in check
    cfunc(*args, **kwargs))
    ^^^^^^^^^^^^^^^^^^^^^^
  File "/mnt/home/sklam/dev/numba-py312-workspace/numba/numba/core/dispatcher.py", line 468, in _compile_for_args
    error_rewrite(e, 'typing')
  File "/mnt/home/sklam/dev/numba-py312-workspace/numba/numba/core/dispatcher.py", line 407, in error_rewrite
    raise e
  File "/mnt/home/sklam/dev/numba-py312-workspace/numba/numba/core/dispatcher.py", line 420, in _compile_for_args
    return_val = self.compile(tuple(argtypes))
                 ^^^^^^^^^^^^^^^^^^^^^^^^^^^^^
  File "/mnt/home/sklam/dev/numba-py312-workspace/numba/numba/core/dispatcher.py", line 965, in compile
    cres = self._compiler.compile(args, return_type)
           ^^^^^^^^^^^^^^^^^^^^^^^^^^^^^^^^^^^^^^^^^
  File "/mnt/home/sklam/dev/numba-py312-workspace/numba/numba/core/dispatcher.py", line 129, in compile
    raise retval
  File "/mnt/home/sklam/dev/numba-py312-workspace/numba/numba/core/dispatcher.py", line 139, in _compile_cached
    retval = self._compile_core(args, return_type)
             ^^^^^^^^^^^^^^^^^^^^^^^^^^^^^^^^^^^^^
  File "/mnt/home/sklam/dev/numba-py312-workspace/numba/numba/core/dispatcher.py", line 152, in _compile_core
    cres = compiler.compile_extra(self.targetdescr.typing_context,
           ^^^^^^^^^^^^^^^^^^^^^^^^^^^^^^^^^^^^^^^^^^^^^^^^^^^^^^^
  File "/mnt/home/sklam/dev/numba-py312-workspace/numba/numba/core/compiler.py", line 770, in compile_extra
    return pipeline.compile_extra(func)
           ^^^^^^^^^^^^^^^^^^^^^^^^^^^^
  File "/mnt/home/sklam/dev/numba-py312-workspace/numba/numba/core/compiler.py", line 461, in compile_extra
    return self._compile_bytecode()
           ^^^^^^^^^^^^^^^^^^^^^^^^
  File "/mnt/home/sklam/dev/numba-py312-workspace/numba/numba/core/compiler.py", line 529, in _compile_bytecode
    return self._compile_core()
           ^^^^^^^^^^^^^^^^^^^^
  File "/mnt/home/sklam/dev/numba-py312-workspace/numba/numba/core/compiler.py", line 508, in _compile_core
    raise e
  File "/mnt/home/sklam/dev/numba-py312-workspace/numba/numba/core/compiler.py", line 495, in _compile_core
    pm.run(self.state)
  File "/mnt/home/sklam/dev/numba-py312-workspace/numba/numba/core/compiler_machinery.py", line 368, in run
    raise patched_exception
  File "/mnt/home/sklam/dev/numba-py312-workspace/numba/numba/core/compiler_machinery.py", line 356, in run
    self._runPass(idx, pass_inst, state)
  File "/mnt/home/sklam/dev/numba-py312-workspace/numba/numba/core/compiler_lock.py", line 35, in _acquire_compile_lock
    return func(*args, **kwargs)
           ^^^^^^^^^^^^^^^^^^^^^
  File "/mnt/home/sklam/dev/numba-py312-workspace/numba/numba/core/compiler_machinery.py", line 311, in _runPass
    mutated |= check(pss.run_pass, internal_state)
               ^^^^^^^^^^^^^^^^^^^^^^^^^^^^^^^^^^^
  File "/mnt/home/sklam/dev/numba-py312-workspace/numba/numba/core/compiler_machinery.py", line 273, in check
    mangled = func(compiler_state)
              ^^^^^^^^^^^^^^^^^^^^
  File "/mnt/home/sklam/dev/numba-py312-workspace/numba/numba/core/object_mode_passes.py", line 120, in run_pass
    lowered = backend_object_mode()
              ^^^^^^^^^^^^^^^^^^^^^
  File "/mnt/home/sklam/dev/numba-py312-workspace/numba/numba/core/object_mode_passes.py", line 115, in backend_object_mode
    return self._py_lowering_stage(state.targetctx,
           ^^^^^^^^^^^^^^^^^^^^^^^^^^^^^^^^^^^^^^^^
  File "/mnt/home/sklam/dev/numba-py312-workspace/numba/numba/core/object_mode_passes.py", line 78, in _py_lowering_stage
    lower.lower()
  File "/mnt/home/sklam/dev/numba-py312-workspace/numba/numba/core/lowering.py", line 193, in lower
    self.genlower.lower_next_func(self)
  File "/mnt/home/sklam/dev/numba-py312-workspace/numba/numba/core/generators.py", line 157, in lower_next_func
    entry_block_tail = lower.lower_function_body()
                       ^^^^^^^^^^^^^^^^^^^^^^^^^^^
  File "/mnt/home/sklam/dev/numba-py312-workspace/numba/numba/core/lowering.py", line 271, in lower_function_body
    self.lower_block(block)
  File "/mnt/home/sklam/dev/numba-py312-workspace/numba/numba/core/lowering.py", line 285, in lower_block
    self.lower_inst(inst)
  File "/mnt/home/sklam/dev/numba-py312-workspace/numba/numba/core/pylowering.py", line 173, in lower_inst
    raise NumbaNotImplementedError(msg)
numba.core.errors.NumbaNotImplementedError: Failed in object mode pipeline (step: object mode backend)
<class 'numba.core.ir.StaticRaise'>, <static> raise <class 'numba.core.interpreter.INTRINSIC_STOPITERATION_ERROR'>()
During: lowering "<static> raise <class 'numba.core.interpreter.INTRINSIC_STOPITERATION_ERROR'>()" at /mnt/home/sklam/dev/numba-py312-workspace/numba/numba/tests/test_generators.py (78)

======================================================================
ERROR: test_gen9_objmode (numba.tests.test_generators.TestGenerators.test_gen9_objmode)
----------------------------------------------------------------------
Traceback (most recent call last):
  File "/mnt/home/sklam/dev/numba-py312-workspace/numba/numba/tests/test_generators.py", line 269, in test_gen9_objmode
    self.check_gen9(**forceobj_flags)
  File "/mnt/home/sklam/dev/numba-py312-workspace/numba/numba/tests/test_generators.py", line 260, in check_gen9
    cr = jit((), **kwargs)(pyfunc)
         ^^^^^^^^^^^^^^^^^^^^^^^^^
  File "/mnt/home/sklam/dev/numba-py312-workspace/numba/numba/core/decorators.py", line 241, in wrapper
    disp.compile(sig)
  File "/mnt/home/sklam/dev/numba-py312-workspace/numba/numba/core/dispatcher.py", line 965, in compile
    cres = self._compiler.compile(args, return_type)
           ^^^^^^^^^^^^^^^^^^^^^^^^^^^^^^^^^^^^^^^^^
  File "/mnt/home/sklam/dev/numba-py312-workspace/numba/numba/core/dispatcher.py", line 129, in compile
    raise retval
  File "/mnt/home/sklam/dev/numba-py312-workspace/numba/numba/core/dispatcher.py", line 139, in _compile_cached
    retval = self._compile_core(args, return_type)
             ^^^^^^^^^^^^^^^^^^^^^^^^^^^^^^^^^^^^^
  File "/mnt/home/sklam/dev/numba-py312-workspace/numba/numba/core/dispatcher.py", line 152, in _compile_core
    cres = compiler.compile_extra(self.targetdescr.typing_context,
           ^^^^^^^^^^^^^^^^^^^^^^^^^^^^^^^^^^^^^^^^^^^^^^^^^^^^^^^
  File "/mnt/home/sklam/dev/numba-py312-workspace/numba/numba/core/compiler.py", line 770, in compile_extra
    return pipeline.compile_extra(func)
           ^^^^^^^^^^^^^^^^^^^^^^^^^^^^
  File "/mnt/home/sklam/dev/numba-py312-workspace/numba/numba/core/compiler.py", line 461, in compile_extra
    return self._compile_bytecode()
           ^^^^^^^^^^^^^^^^^^^^^^^^
  File "/mnt/home/sklam/dev/numba-py312-workspace/numba/numba/core/compiler.py", line 529, in _compile_bytecode
    return self._compile_core()
           ^^^^^^^^^^^^^^^^^^^^
  File "/mnt/home/sklam/dev/numba-py312-workspace/numba/numba/core/compiler.py", line 508, in _compile_core
    raise e
  File "/mnt/home/sklam/dev/numba-py312-workspace/numba/numba/core/compiler.py", line 495, in _compile_core
    pm.run(self.state)
  File "/mnt/home/sklam/dev/numba-py312-workspace/numba/numba/core/compiler_machinery.py", line 368, in run
    raise patched_exception
  File "/mnt/home/sklam/dev/numba-py312-workspace/numba/numba/core/compiler_machinery.py", line 356, in run
    self._runPass(idx, pass_inst, state)
  File "/mnt/home/sklam/dev/numba-py312-workspace/numba/numba/core/compiler_lock.py", line 35, in _acquire_compile_lock
    return func(*args, **kwargs)
           ^^^^^^^^^^^^^^^^^^^^^
  File "/mnt/home/sklam/dev/numba-py312-workspace/numba/numba/core/compiler_machinery.py", line 311, in _runPass
    mutated |= check(pss.run_pass, internal_state)
               ^^^^^^^^^^^^^^^^^^^^^^^^^^^^^^^^^^^
  File "/mnt/home/sklam/dev/numba-py312-workspace/numba/numba/core/compiler_machinery.py", line 273, in check
    mangled = func(compiler_state)
              ^^^^^^^^^^^^^^^^^^^^
  File "/mnt/home/sklam/dev/numba-py312-workspace/numba/numba/core/object_mode_passes.py", line 120, in run_pass
    lowered = backend_object_mode()
              ^^^^^^^^^^^^^^^^^^^^^
  File "/mnt/home/sklam/dev/numba-py312-workspace/numba/numba/core/object_mode_passes.py", line 115, in backend_object_mode
    return self._py_lowering_stage(state.targetctx,
           ^^^^^^^^^^^^^^^^^^^^^^^^^^^^^^^^^^^^^^^^
  File "/mnt/home/sklam/dev/numba-py312-workspace/numba/numba/core/object_mode_passes.py", line 78, in _py_lowering_stage
    lower.lower()
  File "/mnt/home/sklam/dev/numba-py312-workspace/numba/numba/core/lowering.py", line 193, in lower
    self.genlower.lower_next_func(self)
  File "/mnt/home/sklam/dev/numba-py312-workspace/numba/numba/core/generators.py", line 157, in lower_next_func
    entry_block_tail = lower.lower_function_body()
                       ^^^^^^^^^^^^^^^^^^^^^^^^^^^
  File "/mnt/home/sklam/dev/numba-py312-workspace/numba/numba/core/lowering.py", line 271, in lower_function_body
    self.lower_block(block)
  File "/mnt/home/sklam/dev/numba-py312-workspace/numba/numba/core/lowering.py", line 285, in lower_block
    self.lower_inst(inst)
  File "/mnt/home/sklam/dev/numba-py312-workspace/numba/numba/core/pylowering.py", line 173, in lower_inst
    raise NumbaNotImplementedError(msg)
numba.core.errors.NumbaNotImplementedError: Failed in object mode pipeline (step: object mode backend)
<class 'numba.core.ir.StaticRaise'>, <static> raise <class 'numba.core.interpreter.INTRINSIC_STOPITERATION_ERROR'>()
During: lowering "<static> raise <class 'numba.core.interpreter.INTRINSIC_STOPITERATION_ERROR'>()" at /mnt/home/sklam/dev/numba-py312-workspace/numba/numba/tests/test_generators.py (107)

======================================================================
ERROR: test_ndenumerate_objmode (numba.tests.test_generators.TestGenerators.test_ndenumerate_objmode)
----------------------------------------------------------------------
Traceback (most recent call last):
  File "/mnt/home/sklam/dev/numba-py312-workspace/numba/numba/tests/test_generators.py", line 322, in test_ndenumerate_objmode
    self.check_np_flat(gen_ndenumerate, **forceobj_flags)
  File "/mnt/home/sklam/dev/numba-py312-workspace/numba/numba/tests/test_generators.py", line 305, in check_np_flat
    cr = jit((types.Array(types.int32, 2, "C"),), **kwargs)(pyfunc)
         ^^^^^^^^^^^^^^^^^^^^^^^^^^^^^^^^^^^^^^^^^^^^^^^^^^^^^^^^^^
  File "/mnt/home/sklam/dev/numba-py312-workspace/numba/numba/core/decorators.py", line 241, in wrapper
    disp.compile(sig)
  File "/mnt/home/sklam/dev/numba-py312-workspace/numba/numba/core/dispatcher.py", line 965, in compile
    cres = self._compiler.compile(args, return_type)
           ^^^^^^^^^^^^^^^^^^^^^^^^^^^^^^^^^^^^^^^^^
  File "/mnt/home/sklam/dev/numba-py312-workspace/numba/numba/core/dispatcher.py", line 125, in compile
    status, retval = self._compile_cached(args, return_type)
                     ^^^^^^^^^^^^^^^^^^^^^^^^^^^^^^^^^^^^^^^
  File "/mnt/home/sklam/dev/numba-py312-workspace/numba/numba/core/dispatcher.py", line 139, in _compile_cached
    retval = self._compile_core(args, return_type)
             ^^^^^^^^^^^^^^^^^^^^^^^^^^^^^^^^^^^^^
  File "/mnt/home/sklam/dev/numba-py312-workspace/numba/numba/core/dispatcher.py", line 152, in _compile_core
    cres = compiler.compile_extra(self.targetdescr.typing_context,
           ^^^^^^^^^^^^^^^^^^^^^^^^^^^^^^^^^^^^^^^^^^^^^^^^^^^^^^^
  File "/mnt/home/sklam/dev/numba-py312-workspace/numba/numba/core/compiler.py", line 770, in compile_extra
    return pipeline.compile_extra(func)
           ^^^^^^^^^^^^^^^^^^^^^^^^^^^^
  File "/mnt/home/sklam/dev/numba-py312-workspace/numba/numba/core/compiler.py", line 461, in compile_extra
    return self._compile_bytecode()
           ^^^^^^^^^^^^^^^^^^^^^^^^
  File "/mnt/home/sklam/dev/numba-py312-workspace/numba/numba/core/compiler.py", line 529, in _compile_bytecode
    return self._compile_core()
           ^^^^^^^^^^^^^^^^^^^^
  File "/mnt/home/sklam/dev/numba-py312-workspace/numba/numba/core/compiler.py", line 508, in _compile_core
    raise e
  File "/mnt/home/sklam/dev/numba-py312-workspace/numba/numba/core/compiler.py", line 495, in _compile_core
    pm.run(self.state)
  File "/mnt/home/sklam/dev/numba-py312-workspace/numba/numba/core/compiler_machinery.py", line 368, in run
    raise patched_exception
  File "/mnt/home/sklam/dev/numba-py312-workspace/numba/numba/core/compiler_machinery.py", line 356, in run
    self._runPass(idx, pass_inst, state)
  File "/mnt/home/sklam/dev/numba-py312-workspace/numba/numba/core/compiler_lock.py", line 35, in _acquire_compile_lock
    return func(*args, **kwargs)
           ^^^^^^^^^^^^^^^^^^^^^
  File "/mnt/home/sklam/dev/numba-py312-workspace/numba/numba/core/compiler_machinery.py", line 311, in _runPass
    mutated |= check(pss.run_pass, internal_state)
               ^^^^^^^^^^^^^^^^^^^^^^^^^^^^^^^^^^^
  File "/mnt/home/sklam/dev/numba-py312-workspace/numba/numba/core/compiler_machinery.py", line 273, in check
    mangled = func(compiler_state)
              ^^^^^^^^^^^^^^^^^^^^
  File "/mnt/home/sklam/dev/numba-py312-workspace/numba/numba/core/object_mode_passes.py", line 53, in run_pass
    cres = self._frontend_looplift(state)
           ^^^^^^^^^^^^^^^^^^^^^^^^^^^^^^
  File "/mnt/home/sklam/dev/numba-py312-workspace/numba/numba/core/object_mode_passes.py", line 29, in _frontend_looplift
    main, loops = transforms.loop_lifting(state.func_ir,
                  ^^^^^^^^^^^^^^^^^^^^^^^^^^^^^^^^^^^^^^
  File "/mnt/home/sklam/dev/numba-py312-workspace/numba/numba/core/transforms.py", line 263, in loop_lifting
    func_ir = _pre_looplift_transform(func_ir)
              ^^^^^^^^^^^^^^^^^^^^^^^^^^^^^^^^
  File "/mnt/home/sklam/dev/numba-py312-workspace/numba/numba/core/transforms.py", line 247, in _pre_looplift_transform
    func_ir, _common_key = _fix_multi_exit_blocks(
                           ^^^^^^^^^^^^^^^^^^^^^^^
  File "/mnt/home/sklam/dev/numba-py312-workspace/numba/numba/core/transforms.py", line 902, in _fix_multi_exit_blocks
    [jump_target] = remain[-1].get_targets()
    ^^^^^^^^^^^^^
ValueError: Failed in object mode pipeline (step: object mode frontend)
too many values to unpack (expected 1)

Stderr:
/mnt/home/sklam/dev/numba-py312-workspace/numba/numba/core/utils.py:213: NumbaPendingDeprecationWarning: Code using Numba extension API maybe depending on 'old_style' error-capturing, which is deprecated and will be replaced by 'new_style' in a future release. See details at https://numba.readthedocs.io/en/latest/reference/deprecation.html#deprecation-of-old-style-numba-captured-errors
Exception origin:
  File "/mnt/home/sklam/dev/numba-py312-workspace/numba/numba/core/transforms.py", line 902, in _fix_multi_exit_blocks
    [jump_target] = remain[-1].get_targets()
    ^^^^^^^^^^^^^

  warnings.warn(msg,

======================================================================
ERROR: test_ndindex_objmode (numba.tests.test_generators.TestGenerators.test_ndindex_objmode)
----------------------------------------------------------------------
Traceback (most recent call last):
  File "/mnt/home/sklam/dev/numba-py312-workspace/numba/numba/tests/test_generators.py", line 302, in test_ndindex_objmode
    self.check_ndindex(**forceobj_flags)
  File "/mnt/home/sklam/dev/numba-py312-workspace/numba/numba/tests/test_generators.py", line 292, in check_ndindex
    cr = jit((types.UniTuple(types.intp, 2),), **kwargs)(pyfunc)
         ^^^^^^^^^^^^^^^^^^^^^^^^^^^^^^^^^^^^^^^^^^^^^^^^^^^^^^^
  File "/mnt/home/sklam/dev/numba-py312-workspace/numba/numba/core/decorators.py", line 241, in wrapper
    disp.compile(sig)
  File "/mnt/home/sklam/dev/numba-py312-workspace/numba/numba/core/dispatcher.py", line 965, in compile
    cres = self._compiler.compile(args, return_type)
           ^^^^^^^^^^^^^^^^^^^^^^^^^^^^^^^^^^^^^^^^^
  File "/mnt/home/sklam/dev/numba-py312-workspace/numba/numba/core/dispatcher.py", line 125, in compile
    status, retval = self._compile_cached(args, return_type)
                     ^^^^^^^^^^^^^^^^^^^^^^^^^^^^^^^^^^^^^^^
  File "/mnt/home/sklam/dev/numba-py312-workspace/numba/numba/core/dispatcher.py", line 139, in _compile_cached
    retval = self._compile_core(args, return_type)
             ^^^^^^^^^^^^^^^^^^^^^^^^^^^^^^^^^^^^^
  File "/mnt/home/sklam/dev/numba-py312-workspace/numba/numba/core/dispatcher.py", line 152, in _compile_core
    cres = compiler.compile_extra(self.targetdescr.typing_context,
           ^^^^^^^^^^^^^^^^^^^^^^^^^^^^^^^^^^^^^^^^^^^^^^^^^^^^^^^
  File "/mnt/home/sklam/dev/numba-py312-workspace/numba/numba/core/compiler.py", line 770, in compile_extra
    return pipeline.compile_extra(func)
           ^^^^^^^^^^^^^^^^^^^^^^^^^^^^
  File "/mnt/home/sklam/dev/numba-py312-workspace/numba/numba/core/compiler.py", line 461, in compile_extra
    return self._compile_bytecode()
           ^^^^^^^^^^^^^^^^^^^^^^^^
  File "/mnt/home/sklam/dev/numba-py312-workspace/numba/numba/core/compiler.py", line 529, in _compile_bytecode
    return self._compile_core()
           ^^^^^^^^^^^^^^^^^^^^
  File "/mnt/home/sklam/dev/numba-py312-workspace/numba/numba/core/compiler.py", line 508, in _compile_core
    raise e
  File "/mnt/home/sklam/dev/numba-py312-workspace/numba/numba/core/compiler.py", line 495, in _compile_core
    pm.run(self.state)
  File "/mnt/home/sklam/dev/numba-py312-workspace/numba/numba/core/compiler_machinery.py", line 368, in run
    raise patched_exception
  File "/mnt/home/sklam/dev/numba-py312-workspace/numba/numba/core/compiler_machinery.py", line 356, in run
    self._runPass(idx, pass_inst, state)
  File "/mnt/home/sklam/dev/numba-py312-workspace/numba/numba/core/compiler_lock.py", line 35, in _acquire_compile_lock
    return func(*args, **kwargs)
           ^^^^^^^^^^^^^^^^^^^^^
  File "/mnt/home/sklam/dev/numba-py312-workspace/numba/numba/core/compiler_machinery.py", line 311, in _runPass
    mutated |= check(pss.run_pass, internal_state)
               ^^^^^^^^^^^^^^^^^^^^^^^^^^^^^^^^^^^
  File "/mnt/home/sklam/dev/numba-py312-workspace/numba/numba/core/compiler_machinery.py", line 273, in check
    mangled = func(compiler_state)
              ^^^^^^^^^^^^^^^^^^^^
  File "/mnt/home/sklam/dev/numba-py312-workspace/numba/numba/core/object_mode_passes.py", line 53, in run_pass
    cres = self._frontend_looplift(state)
           ^^^^^^^^^^^^^^^^^^^^^^^^^^^^^^
  File "/mnt/home/sklam/dev/numba-py312-workspace/numba/numba/core/object_mode_passes.py", line 29, in _frontend_looplift
    main, loops = transforms.loop_lifting(state.func_ir,
                  ^^^^^^^^^^^^^^^^^^^^^^^^^^^^^^^^^^^^^^
  File "/mnt/home/sklam/dev/numba-py312-workspace/numba/numba/core/transforms.py", line 263, in loop_lifting
    func_ir = _pre_looplift_transform(func_ir)
              ^^^^^^^^^^^^^^^^^^^^^^^^^^^^^^^^
  File "/mnt/home/sklam/dev/numba-py312-workspace/numba/numba/core/transforms.py", line 247, in _pre_looplift_transform
    func_ir, _common_key = _fix_multi_exit_blocks(
                           ^^^^^^^^^^^^^^^^^^^^^^^
  File "/mnt/home/sklam/dev/numba-py312-workspace/numba/numba/core/transforms.py", line 902, in _fix_multi_exit_blocks
    [jump_target] = remain[-1].get_targets()
    ^^^^^^^^^^^^^
ValueError: Failed in object mode pipeline (step: object mode frontend)
too many values to unpack (expected 1)

Stderr:
/mnt/home/sklam/dev/numba-py312-workspace/numba/numba/core/utils.py:213: NumbaPendingDeprecationWarning: Code using Numba extension API maybe depending on 'old_style' error-capturing, which is deprecated and will be replaced by 'new_style' in a future release. See details at https://numba.readthedocs.io/en/latest/reference/deprecation.html#deprecation-of-old-style-numba-captured-errors
Exception origin:
  File "/mnt/home/sklam/dev/numba-py312-workspace/numba/numba/core/transforms.py", line 902, in _fix_multi_exit_blocks
    [jump_target] = remain[-1].get_targets()
    ^^^^^^^^^^^^^

  warnings.warn(msg,

======================================================================
ERROR: test_np_flat_objmode (numba.tests.test_generators.TestGenerators.test_np_flat_objmode)
----------------------------------------------------------------------
Traceback (most recent call last):
  File "/mnt/home/sklam/dev/numba-py312-workspace/numba/numba/tests/test_generators.py", line 316, in test_np_flat_objmode
    self.check_np_flat(gen_flat, **forceobj_flags)
  File "/mnt/home/sklam/dev/numba-py312-workspace/numba/numba/tests/test_generators.py", line 305, in check_np_flat
    cr = jit((types.Array(types.int32, 2, "C"),), **kwargs)(pyfunc)
         ^^^^^^^^^^^^^^^^^^^^^^^^^^^^^^^^^^^^^^^^^^^^^^^^^^^^^^^^^^
  File "/mnt/home/sklam/dev/numba-py312-workspace/numba/numba/core/decorators.py", line 241, in wrapper
    disp.compile(sig)
  File "/mnt/home/sklam/dev/numba-py312-workspace/numba/numba/core/dispatcher.py", line 965, in compile
    cres = self._compiler.compile(args, return_type)
           ^^^^^^^^^^^^^^^^^^^^^^^^^^^^^^^^^^^^^^^^^
  File "/mnt/home/sklam/dev/numba-py312-workspace/numba/numba/core/dispatcher.py", line 125, in compile
    status, retval = self._compile_cached(args, return_type)
                     ^^^^^^^^^^^^^^^^^^^^^^^^^^^^^^^^^^^^^^^
  File "/mnt/home/sklam/dev/numba-py312-workspace/numba/numba/core/dispatcher.py", line 139, in _compile_cached
    retval = self._compile_core(args, return_type)
             ^^^^^^^^^^^^^^^^^^^^^^^^^^^^^^^^^^^^^
  File "/mnt/home/sklam/dev/numba-py312-workspace/numba/numba/core/dispatcher.py", line 152, in _compile_core
    cres = compiler.compile_extra(self.targetdescr.typing_context,
           ^^^^^^^^^^^^^^^^^^^^^^^^^^^^^^^^^^^^^^^^^^^^^^^^^^^^^^^
  File "/mnt/home/sklam/dev/numba-py312-workspace/numba/numba/core/compiler.py", line 770, in compile_extra
    return pipeline.compile_extra(func)
           ^^^^^^^^^^^^^^^^^^^^^^^^^^^^
  File "/mnt/home/sklam/dev/numba-py312-workspace/numba/numba/core/compiler.py", line 461, in compile_extra
    return self._compile_bytecode()
           ^^^^^^^^^^^^^^^^^^^^^^^^
  File "/mnt/home/sklam/dev/numba-py312-workspace/numba/numba/core/compiler.py", line 529, in _compile_bytecode
    return self._compile_core()
           ^^^^^^^^^^^^^^^^^^^^
  File "/mnt/home/sklam/dev/numba-py312-workspace/numba/numba/core/compiler.py", line 508, in _compile_core
    raise e
  File "/mnt/home/sklam/dev/numba-py312-workspace/numba/numba/core/compiler.py", line 495, in _compile_core
    pm.run(self.state)
  File "/mnt/home/sklam/dev/numba-py312-workspace/numba/numba/core/compiler_machinery.py", line 368, in run
    raise patched_exception
  File "/mnt/home/sklam/dev/numba-py312-workspace/numba/numba/core/compiler_machinery.py", line 356, in run
    self._runPass(idx, pass_inst, state)
  File "/mnt/home/sklam/dev/numba-py312-workspace/numba/numba/core/compiler_lock.py", line 35, in _acquire_compile_lock
    return func(*args, **kwargs)
           ^^^^^^^^^^^^^^^^^^^^^
  File "/mnt/home/sklam/dev/numba-py312-workspace/numba/numba/core/compiler_machinery.py", line 311, in _runPass
    mutated |= check(pss.run_pass, internal_state)
               ^^^^^^^^^^^^^^^^^^^^^^^^^^^^^^^^^^^
  File "/mnt/home/sklam/dev/numba-py312-workspace/numba/numba/core/compiler_machinery.py", line 273, in check
    mangled = func(compiler_state)
              ^^^^^^^^^^^^^^^^^^^^
  File "/mnt/home/sklam/dev/numba-py312-workspace/numba/numba/core/object_mode_passes.py", line 53, in run_pass
    cres = self._frontend_looplift(state)
           ^^^^^^^^^^^^^^^^^^^^^^^^^^^^^^
  File "/mnt/home/sklam/dev/numba-py312-workspace/numba/numba/core/object_mode_passes.py", line 29, in _frontend_looplift
    main, loops = transforms.loop_lifting(state.func_ir,
                  ^^^^^^^^^^^^^^^^^^^^^^^^^^^^^^^^^^^^^^
  File "/mnt/home/sklam/dev/numba-py312-workspace/numba/numba/core/transforms.py", line 263, in loop_lifting
    func_ir = _pre_looplift_transform(func_ir)
              ^^^^^^^^^^^^^^^^^^^^^^^^^^^^^^^^
  File "/mnt/home/sklam/dev/numba-py312-workspace/numba/numba/core/transforms.py", line 247, in _pre_looplift_transform
    func_ir, _common_key = _fix_multi_exit_blocks(
                           ^^^^^^^^^^^^^^^^^^^^^^^
  File "/mnt/home/sklam/dev/numba-py312-workspace/numba/numba/core/transforms.py", line 902, in _fix_multi_exit_blocks
    [jump_target] = remain[-1].get_targets()
    ^^^^^^^^^^^^^
ValueError: Failed in object mode pipeline (step: object mode frontend)
too many values to unpack (expected 1)

Stderr:
/mnt/home/sklam/dev/numba-py312-workspace/numba/numba/core/utils.py:213: NumbaPendingDeprecationWarning: Code using Numba extension API maybe depending on 'old_style' error-capturing, which is deprecated and will be replaced by 'new_style' in a future release. See details at https://numba.readthedocs.io/en/latest/reference/deprecation.html#deprecation-of-old-style-numba-captured-errors
Exception origin:
  File "/mnt/home/sklam/dev/numba-py312-workspace/numba/numba/core/transforms.py", line 902, in _fix_multi_exit_blocks
    [jump_target] = remain[-1].get_targets()
    ^^^^^^^^^^^^^

  warnings.warn(msg,

----------------------------------------------------------------------
Ran 31 tests in 8.191s

FAILED (errors=12)
